INFO: The Noise level = 5.0%
INFO: Data Generated!
(5000, 200)
Model: "model"
_________________________________________________________________
 Layer (type)                Output Shape              Param #   
=================================================================
 input_1 (InputLayer)        [(None, 3)]               0         
                                                                 
 dense (Dense)               (None, 100)               400       
                                                                 
 dense_1 (Dense)             (None, 100)               10100     
                                                                 
 dense_2 (Dense)             (None, 100)               10100     
                                                                 
 dense_3 (Dense)             (None, 100)               10100     
                                                                 
 dense_4 (Dense)             (None, 100)               10100     
                                                                 
 dense_5 (Dense)             (None, 100)               10100     
                                                                 
 dense_6 (Dense)             (None, 100)               10100     
                                                                 
 dense_7 (Dense)             (None, 100)               10100     
                                                                 
 dense_8 (Dense)             (None, 100)               10100     
                                                                 
 dense_9 (Dense)             (None, 100)               10100     
                                                                 
 dense_10 (Dense)            (None, 3)                 303       
                                                                 
=================================================================
Total params: 91,603
Trainable params: 91,603
Non-trainable params: 0
_________________________________________________________________
RUNNING THE L-BFGS-B CODE

           * * *

Machine precision = 2.220D-16
 N =        91603     M =           50

           * * *

Tit   = total number of iterations
Tnf   = total number of function evaluations
Tnint = total number of segments explored during Cauchy searches
Skip  = number of BFGS updates skipped
Nact  = number of active bounds at final generalized Cauchy point
Projg = norm of the final projected gradient
F     = final function value

           * * *

   N    Tit     Tnf  Tnint  Skip  Nact     Projg        F
91603  43020  46715      1     0     0   1.304D-03   1.581D-03

CONVERGENCE: REL_REDUCTION_OF_F_<=_FACTR*EPSMCH             
None
INFO: Training Finish, training time = 4287.80s
INFO: Results saved!
INFO: Figures saved!
